<?xml version="1.0" encoding="utf-8"?>
<TestRun id="eae9b64c-1eb1-4968-8764-3f4764bc4499" name="Denis_Pashkov@EPUAKHAW2229 2021-04-15 15:07:25" runUser="KYIV\Denis_Pashkov" xmlns="http://microsoft.com/schemas/VisualStudio/TeamTest/2010">
  <Times creation="2021-04-15T15:07:25.2001161+03:00" queuing="2021-04-15T15:07:25.2001172+03:00" start="2021-04-15T15:07:21.5901714+03:00" finish="2021-04-15T15:07:25.7185832+03:00" />
  <TestSettings name="default" id="9ff0114b-a190-44dc-ad63-5c667fc245bd">
    <Deployment runDeploymentRoot="Denis_Pashkov_EPUAKHAW2229_2021-04-15_15_07_25" />
  </TestSettings>
  <Results>
    <UnitTestResult executionId="aa54dbfd-c397-433e-9d64-194eedd07987" testId="a3951072-df6d-fe01-ee8b-e7278213f0aa" testName="AutomotivePlatform.ParkNow.Zones.Service.Tests.V2.MappingProfiles.LocationsProfileTest.Mapper_ShouldReturnDefaultValueForTariffTypeAndTitle" computerName="EPUAKHAW2229" duration="00:00:00.0222348" startTime="2021-04-15T15:07:25.5381968+03:00" endTime="2021-04-15T15:07:25.5381997+03:00" testType="13cdc9d9-ddb5-4fa4-a97d-d965ccfc6d4b" outcome="Passed" testListId="8c84fa94-04c1-424b-9868-57a2d4851a1d" relativeResultsDirectory="aa54dbfd-c397-433e-9d64-194eedd07987" />
    <UnitTestResult executionId="f12fdd6a-3d6a-4c44-b86d-1f011f373d95" testId="e19a4ad6-d380-67f0-6772-9c4bcee90eeb" testName="AutomotivePlatform.ParkNow.Zones.Service.Tests.V2.MappingProfiles.LocationsProfileTest.Mapper_ShouldReturnNullTariffRows_IfParkingFlowTypeIsStartStop(flow: StartStopMovableStop)" computerName="EPUAKHAW2229" duration="00:00:00.0156863" startTime="2021-04-15T15:07:25.3749106+03:00" endTime="2021-04-15T15:07:25.3749137+03:00" testType="13cdc9d9-ddb5-4fa4-a97d-d965ccfc6d4b" outcome="Passed" testListId="8c84fa94-04c1-424b-9868-57a2d4851a1d" relativeResultsDirectory="f12fdd6a-3d6a-4c44-b86d-1f011f373d95" />
    <UnitTestResult executionId="3dae25bf-54b0-4ca8-8d63-1dac371fa43e" testId="3fa28793-b9a5-b469-ea15-0a9046239996" testName="AutomotivePlatform.ParkNow.Zones.Service.Tests.V2.MappingProfiles.LocationsProfileTest.Mapper_ShouldCorrectlyMapTariff(flowType: StartStop, expectedBookingType: SimpleStart)" computerName="EPUAKHAW2229" duration="00:00:00.0151325" startTime="2021-04-15T15:07:25.1485518+03:00" endTime="2021-04-15T15:07:25.1485525+03:00" testType="13cdc9d9-ddb5-4fa4-a97d-d965ccfc6d4b" outcome="Passed" testListId="8c84fa94-04c1-424b-9868-57a2d4851a1d" relativeResultsDirectory="3dae25bf-54b0-4ca8-8d63-1dac371fa43e" />
    <UnitTestResult executionId="7b4aa36b-1540-45b9-9b74-5468e4a904fa" testId="9d738443-cc28-6939-e3db-02ea1c6ffa65" testName="AutomotivePlatform.ParkNow.Zones.Service.Tests.V2.MappingProfiles.LocationsProfileTest.Mapper_ShouldCorrectlyMapTariffDetails(flowType: BuyTimeWithStop, expectedBookingType: BuyTime)" computerName="EPUAKHAW2229" duration="00:00:00.0098294" startTime="2021-04-15T15:07:25.4535267+03:00" endTime="2021-04-15T15:07:25.4535294+03:00" testType="13cdc9d9-ddb5-4fa4-a97d-d965ccfc6d4b" outcome="Passed" testListId="8c84fa94-04c1-424b-9868-57a2d4851a1d" relativeResultsDirectory="7b4aa36b-1540-45b9-9b74-5468e4a904fa" />
    <UnitTestResult executionId="89923754-1ef7-44aa-8e03-4040910f100b" testId="536e277e-2e8f-5563-eb7c-4f2567f1d283" testName="AutomotivePlatform.ParkNow.Zones.Service.Tests.V2.MappingProfiles.LocationsProfileTest.Mapper_ShouldReturnNullBookableDurations_IfParkingFlowTypeIsStartStop(flow: StartStopMovableStop)" computerName="EPUAKHAW2229" duration="00:00:00.0163921" startTime="2021-04-15T15:07:25.4189714+03:00" endTime="2021-04-15T15:07:25.4189738+03:00" testType="13cdc9d9-ddb5-4fa4-a97d-d965ccfc6d4b" outcome="Passed" testListId="8c84fa94-04c1-424b-9868-57a2d4851a1d" relativeResultsDirectory="89923754-1ef7-44aa-8e03-4040910f100b" />
    <UnitTestResult executionId="e84b103f-ec1b-4ba4-a192-3d49bb64eae7" testId="89980d18-6799-4e41-55d6-913d0e658909" testName="AutomotivePlatform.ParkNow.Zones.Service.Tests.V2.MappingProfiles.ParkingFlowTypeToBookingTypesConverterTest.Convert_ShouldConvertParkingFlow_To_TariffWithCorrectParkingFlow(flowType: StartStopMovableStop, expected: SimpleStart)" computerName="EPUAKHAW2229" duration="00:00:00.0000720" startTime="2021-04-15T15:07:24.9068651+03:00" endTime="2021-04-15T15:07:24.9068667+03:00" testType="13cdc9d9-ddb5-4fa4-a97d-d965ccfc6d4b" outcome="Passed" testListId="8c84fa94-04c1-424b-9868-57a2d4851a1d" relativeResultsDirectory="e84b103f-ec1b-4ba4-a192-3d49bb64eae7" />
    <UnitTestResult executionId="9c03fe84-4d8f-4ea8-bb39-26a21e81caa9" testId="ac37eb70-07e5-3a7d-5895-a774d7755981" testName="AutomotivePlatform.ParkNow.Zones.Service.Tests.V2.MappingProfiles.PaymentsProfileTest.Mapper_ShouldDefineMappingForAllProperties" computerName="EPUAKHAW2229" duration="00:00:00.0340370" startTime="2021-04-15T15:07:25.1549281+03:00" endTime="2021-04-15T15:07:25.1549317+03:00" testType="13cdc9d9-ddb5-4fa4-a97d-d965ccfc6d4b" outcome="Passed" testListId="8c84fa94-04c1-424b-9868-57a2d4851a1d" relativeResultsDirectory="9c03fe84-4d8f-4ea8-bb39-26a21e81caa9" />
    <UnitTestResult executionId="015109f3-0908-420e-b1ae-10c8e5b6cf52" testId="62b6ed21-68dc-0158-1d4e-f896721ca84e" testName="AutomotivePlatform.ParkNow.Zones.Service.Tests.V2.MappingProfiles.PaymentsProfileTest.Mapper_ShouldCorrectlyMapPaymentOptions_FromDirectDebit" computerName="EPUAKHAW2229" duration="00:00:00.0092203" startTime="2021-04-15T15:07:25.1974222+03:00" endTime="2021-04-15T15:07:25.1974251+03:00" testType="13cdc9d9-ddb5-4fa4-a97d-d965ccfc6d4b" outcome="Passed" testListId="8c84fa94-04c1-424b-9868-57a2d4851a1d" relativeResultsDirectory="015109f3-0908-420e-b1ae-10c8e5b6cf52" />
    <UnitTestResult executionId="671474cf-f652-4bae-81b7-511bf06e2370" testId="cd0b17be-5811-b38a-a1fe-0b8658484f12" testName="AutomotivePlatform.ParkNow.Zones.Service.Tests.V2.MappingProfiles.LocationsProfileTest.Mapper_ShouldReturnEmtyTariffs_IfParkingFlowTypeIsStartStop(flow: StartStopMovableStop)" computerName="EPUAKHAW2229" duration="00:00:00.0139122" startTime="2021-04-15T15:07:25.2638555+03:00" endTime="2021-04-15T15:07:25.2638579+03:00" testType="13cdc9d9-ddb5-4fa4-a97d-d965ccfc6d4b" outcome="Passed" testListId="8c84fa94-04c1-424b-9868-57a2d4851a1d" relativeResultsDirectory="671474cf-f652-4bae-81b7-511bf06e2370" />
    <UnitTestResult executionId="e16088b8-fe4f-428a-92ea-0d8c6261332a" testId="045b7c94-d327-0802-0173-1882f2fc952c" testName="AutomotivePlatform.ParkNow.Zones.Service.Tests.V2.MappingProfiles.LocationsProfileTest.Mapper_ShouldCorrectlyMapTariffDetails(flowType: BuyTime, expectedBookingType: BuyTime)" computerName="EPUAKHAW2229" duration="00:00:00.0122558" startTime="2021-04-15T15:07:25.4658541+03:00" endTime="2021-04-15T15:07:25.4658570+03:00" testType="13cdc9d9-ddb5-4fa4-a97d-d965ccfc6d4b" outcome="Passed" testListId="8c84fa94-04c1-424b-9868-57a2d4851a1d" relativeResultsDirectory="e16088b8-fe4f-428a-92ea-0d8c6261332a" />
    <UnitTestResult executionId="9a008eef-6780-4bc1-a06c-129f34698190" testId="a64a2970-9a9f-4688-f3db-07f083364b04" testName="AutomotivePlatform.ParkNow.Zones.Service.Tests.V2.Controllers.LocationControllerTest.GetLocationByIdAsync_ShouldRespondWithLocationDetails" computerName="EPUAKHAW2229" duration="00:00:00.0086952" startTime="2021-04-15T15:07:25.1482844+03:00" endTime="2021-04-15T15:07:25.1482863+03:00" testType="13cdc9d9-ddb5-4fa4-a97d-d965ccfc6d4b" outcome="Passed" testListId="8c84fa94-04c1-424b-9868-57a2d4851a1d" relativeResultsDirectory="9a008eef-6780-4bc1-a06c-129f34698190" />
    <UnitTestResult executionId="4b8d80f3-3656-4e67-bf55-80772a048456" testId="239e8e67-d07f-22a0-0336-5e6d1b73751e" testName="AutomotivePlatform.ParkNow.Zones.Service.Tests.V2.MappingProfiles.LocationsProfileTest.Mapper_ShouldCorrectlyMapTariffDetails(flowType: StartStop, expectedBookingType: SimpleStart)" computerName="EPUAKHAW2229" duration="00:00:00.0125306" startTime="2021-04-15T15:07:25.4436247+03:00" endTime="2021-04-15T15:07:25.4436272+03:00" testType="13cdc9d9-ddb5-4fa4-a97d-d965ccfc6d4b" outcome="Passed" testListId="8c84fa94-04c1-424b-9868-57a2d4851a1d" relativeResultsDirectory="4b8d80f3-3656-4e67-bf55-80772a048456" />
    <UnitTestResult executionId="1d6b41b5-46bb-4c60-8047-25c61a51b095" testId="6395c4e9-5994-b7af-6254-e0249c28b6bd" testName="AutomotivePlatform.ParkNow.Zones.Service.Tests.V2.MappingProfiles.LocationsProfileTest.Mapper_ShouldCorrectlyMapTariffMessage(messages: [], messageList: [&quot;info-line&quot;], expectedTariffMessages: [&quot;info-line&quot;])" computerName="EPUAKHAW2229" duration="00:00:00.0245936" startTime="2021-04-15T15:07:25.3070861+03:00" endTime="2021-04-15T15:07:25.3070890+03:00" testType="13cdc9d9-ddb5-4fa4-a97d-d965ccfc6d4b" outcome="Passed" testListId="8c84fa94-04c1-424b-9868-57a2d4851a1d" relativeResultsDirectory="1d6b41b5-46bb-4c60-8047-25c61a51b095" />
    <UnitTestResult executionId="29464332-0dd9-4d6e-9822-02b20061c8b7" testId="eb749695-5157-9ab9-4cb6-3cc1dfbb158a" testName="AutomotivePlatform.ParkNow.Zones.Service.Tests.V2.MappingProfiles.ParkingFlowTypeToBookingTypesConverterTest.Convert_ShouldConvertParkingFlow_To_TariffWithCorrectParkingFlow(flowType: StartStop, expected: SimpleStart)" computerName="EPUAKHAW2229" duration="00:00:00.0000098" startTime="2021-04-15T15:07:24.9071069+03:00" endTime="2021-04-15T15:07:24.9071076+03:00" testType="13cdc9d9-ddb5-4fa4-a97d-d965ccfc6d4b" outcome="Passed" testListId="8c84fa94-04c1-424b-9868-57a2d4851a1d" relativeResultsDirectory="29464332-0dd9-4d6e-9822-02b20061c8b7" />
    <UnitTestResult executionId="d682c4c0-c50c-4887-a60c-7d3ff72a36fe" testId="ef3f4d1d-bf30-31e1-ef80-31821e93da85" testName="AutomotivePlatform.ParkNow.Zones.Service.Tests.V2.MappingProfiles.PaymentsProfileTest.Mapper_ShouldCorrectlyMapPaymentOptions_FromPayPal" computerName="EPUAKHAW2229" duration="00:00:00.0124717" startTime="2021-04-15T15:07:25.2100551+03:00" endTime="2021-04-15T15:07:25.2100591+03:00" testType="13cdc9d9-ddb5-4fa4-a97d-d965ccfc6d4b" outcome="Passed" testListId="8c84fa94-04c1-424b-9868-57a2d4851a1d" relativeResultsDirectory="d682c4c0-c50c-4887-a60c-7d3ff72a36fe" />
    <UnitTestResult executionId="89998934-2fc1-410d-8cc5-83210e7a876c" testId="1c31bdc2-e608-6de9-5403-6867d4733401" testName="AutomotivePlatform.ParkNow.Zones.Service.Tests.V2.MappingProfiles.LocationsProfileTest.Mapper_ShouldReturnNullBookableDurations_IfParkingFlowTypeIsStartStop(flow: StartStop)" computerName="EPUAKHAW2229" duration="00:00:00.0146714" startTime="2021-04-15T15:07:25.4025209+03:00" endTime="2021-04-15T15:07:25.4025234+03:00" testType="13cdc9d9-ddb5-4fa4-a97d-d965ccfc6d4b" outcome="Passed" testListId="8c84fa94-04c1-424b-9868-57a2d4851a1d" relativeResultsDirectory="89998934-2fc1-410d-8cc5-83210e7a876c" />
    <UnitTestResult executionId="fdd2e907-07a2-4a73-83b8-1c97ca6dd483" testId="fe7b56ea-fc0f-6047-a02b-1d3a692f2688" testName="AutomotivePlatform.ParkNow.Zones.Service.Tests.V2.MappingProfiles.LocationsProfileTest.Mapper_ShouldCorrectlyMapAnalyticsRequest" computerName="EPUAKHAW2229" duration="00:00:00.0118625" startTime="2021-04-15T15:07:25.4309759+03:00" endTime="2021-04-15T15:07:25.4309782+03:00" testType="13cdc9d9-ddb5-4fa4-a97d-d965ccfc6d4b" outcome="Passed" testListId="8c84fa94-04c1-424b-9868-57a2d4851a1d" relativeResultsDirectory="fdd2e907-07a2-4a73-83b8-1c97ca6dd483" />
    <UnitTestResult executionId="98d1f80b-66e3-46b3-8ef6-d444e6726cd8" testId="364d21c9-eafb-5ea7-8818-59fdde1d3f59" testName="AutomotivePlatform.ParkNow.Zones.Service.Tests.V2.MappingProfiles.LocationsProfileTest.Mapper_ShouldCorrectlyMapTariffMessage(messages: [], messageList: [], expectedTariffMessages: [])" computerName="EPUAKHAW2229" duration="00:00:00.0170014" startTime="2021-04-15T15:07:25.3241308+03:00" endTime="2021-04-15T15:07:25.3241344+03:00" testType="13cdc9d9-ddb5-4fa4-a97d-d965ccfc6d4b" outcome="Passed" testListId="8c84fa94-04c1-424b-9868-57a2d4851a1d" relativeResultsDirectory="98d1f80b-66e3-46b3-8ef6-d444e6726cd8" />
    <UnitTestResult executionId="ce1786de-a77c-4afb-8ea5-5e5ebb4168b2" testId="338828ad-acdc-941e-230b-4fec2304904d" testName="AutomotivePlatform.ParkNow.Zones.Service.Tests.V2.MappingProfiles.LocationsProfileTest.Mapper_ShouldCorrectlyMapTariffMessage(messages: [&quot;message&quot;], messageList: [], expectedTariffMessages: [&quot;message&quot;])" computerName="EPUAKHAW2229" duration="00:00:00.0153628" startTime="2021-04-15T15:07:25.3591702+03:00" endTime="2021-04-15T15:07:25.3591726+03:00" testType="13cdc9d9-ddb5-4fa4-a97d-d965ccfc6d4b" outcome="Passed" testListId="8c84fa94-04c1-424b-9868-57a2d4851a1d" relativeResultsDirectory="ce1786de-a77c-4afb-8ea5-5e5ebb4168b2" />
    <UnitTestResult executionId="9634e738-52e9-4a3d-be64-89d1057bbdd7" testId="6e2f174f-783b-dcf6-dacb-a1cd0a754e8a" testName="AutomotivePlatform.ParkNow.Zones.Service.Tests.V2.MappingProfiles.LocationsProfileTest.Mapper_ShouldCorrectlyMapZoneDetailsResponse" computerName="EPUAKHAW2229" duration="00:00:00.0174057" startTime="2021-04-15T15:07:25.5557590+03:00" endTime="2021-04-15T15:07:25.5557619+03:00" testType="13cdc9d9-ddb5-4fa4-a97d-d965ccfc6d4b" outcome="Passed" testListId="8c84fa94-04c1-424b-9868-57a2d4851a1d" relativeResultsDirectory="9634e738-52e9-4a3d-be64-89d1057bbdd7" />
    <UnitTestResult executionId="f4bd6b42-6b39-45d2-9c3d-b6b134ea7e91" testId="5c68871e-7cb2-2f16-8a07-a3455df9c5c8" testName="AutomotivePlatform.ParkNow.Zones.Service.Tests.V2.MappingProfiles.LocationsProfileTest.Mapper_ShouldReturnNullTariffRows_IfParkingFlowTypeIsStartStop(flow: StartStop)" computerName="EPUAKHAW2229" duration="00:00:00.0126625" startTime="2021-04-15T15:07:25.3876627+03:00" endTime="2021-04-15T15:07:25.3876653+03:00" testType="13cdc9d9-ddb5-4fa4-a97d-d965ccfc6d4b" outcome="Passed" testListId="8c84fa94-04c1-424b-9868-57a2d4851a1d" relativeResultsDirectory="f4bd6b42-6b39-45d2-9c3d-b6b134ea7e91" />
    <UnitTestResult executionId="2e5232af-4d71-4186-982c-8de6df9e7790" testId="4c98d5f4-e15c-00b2-ed61-67d0f834370c" testName="AutomotivePlatform.ParkNow.Zones.Service.Tests.V2.MappingProfiles.LocationsProfileTest.Mapper_ShouldCorrectlyMapTariffDetails(flowType: StartStopMovableStop, expectedBookingType: SimpleStart)" computerName="EPUAKHAW2229" duration="00:00:00.0110130" startTime="2021-04-15T15:07:25.4770321+03:00" endTime="2021-04-15T15:07:25.4770349+03:00" testType="13cdc9d9-ddb5-4fa4-a97d-d965ccfc6d4b" outcome="Passed" testListId="8c84fa94-04c1-424b-9868-57a2d4851a1d" relativeResultsDirectory="2e5232af-4d71-4186-982c-8de6df9e7790" />
    <UnitTestResult executionId="34da02ef-8c2b-42d3-849c-640a527f8b33" testId="4bebd52e-8fd0-1b04-ca8d-c48504829f86" testName="AutomotivePlatform.ParkNow.Zones.Service.Tests.V2.MappingProfiles.LocationsProfileTest.Mapper_ShouldDefineMappingForAllProperties" computerName="EPUAKHAW2229" duration="00:00:00.0094846" startTime="2021-04-15T15:07:25.1800860+03:00" endTime="2021-04-15T15:07:25.1800893+03:00" testType="13cdc9d9-ddb5-4fa4-a97d-d965ccfc6d4b" outcome="Passed" testListId="8c84fa94-04c1-424b-9868-57a2d4851a1d" relativeResultsDirectory="34da02ef-8c2b-42d3-849c-640a527f8b33" />
    <UnitTestResult executionId="5ae1dc12-c1d7-4d2f-8469-8302480feb86" testId="4bc06ad9-00ff-3970-0c17-5548d2acf28d" testName="AutomotivePlatform.ParkNow.Zones.Service.Tests.V2.MappingProfiles.LocationsProfileTest.Mapper_ShouldCorrectlyMapZoneModel" computerName="EPUAKHAW2229" duration="00:00:00.0183738" startTime="2021-04-15T15:07:25.2823667+03:00" endTime="2021-04-15T15:07:25.2823693+03:00" testType="13cdc9d9-ddb5-4fa4-a97d-d965ccfc6d4b" outcome="Passed" testListId="8c84fa94-04c1-424b-9868-57a2d4851a1d" relativeResultsDirectory="5ae1dc12-c1d7-4d2f-8469-8302480feb86" />
    <UnitTestResult executionId="1392c68d-f8f0-42ce-9c5a-2e2d440022c7" testId="6718242e-f988-cfc1-3c61-72d1920849f1" testName="AutomotivePlatform.ParkNow.Zones.Service.Tests.V2.MappingProfiles.PaymentsProfileTest.Mapper_ShouldCorrectlyMapPaymentOptions" computerName="EPUAKHAW2229" duration="00:00:00.0330063" startTime="2021-04-15T15:07:25.1880570+03:00" endTime="2021-04-15T15:07:25.1880593+03:00" testType="13cdc9d9-ddb5-4fa4-a97d-d965ccfc6d4b" outcome="Passed" testListId="8c84fa94-04c1-424b-9868-57a2d4851a1d" relativeResultsDirectory="1392c68d-f8f0-42ce-9c5a-2e2d440022c7" />
    <UnitTestResult executionId="a859828c-0b9c-4074-8b1c-349ba31ad5af" testId="bd5354b3-bf62-72e7-cdd2-ad17e34a37d6" testName="AutomotivePlatform.ParkNow.Zones.Service.Tests.V2.MappingProfiles.LocationsProfileTest.Mapper_ShouldCorrectlyMapTariff(flowType: BuyTimeWithStop, expectedBookingType: BuyTime)" computerName="EPUAKHAW2229" duration="00:00:00.2482480" startTime="2021-04-15T15:07:25.1222793+03:00" endTime="2021-04-15T15:07:25.1222819+03:00" testType="13cdc9d9-ddb5-4fa4-a97d-d965ccfc6d4b" outcome="Passed" testListId="8c84fa94-04c1-424b-9868-57a2d4851a1d" relativeResultsDirectory="a859828c-0b9c-4074-8b1c-349ba31ad5af" />
    <UnitTestResult executionId="3220b126-1758-4c0f-9890-109e6df63dff" testId="a4378518-9ba6-6cc0-7766-68a78191c20f" testName="AutomotivePlatform.ParkNow.Zones.Service.Tests.V2.MappingProfiles.ParkingFlowTypeToBookingTypesConverterTest.Convert_ShouldConvertParkingFlow_To_TariffWithCorrectParkingFlow(flowType: BuyTimeWithStop, expected: BuyTime)" computerName="EPUAKHAW2229" duration="00:00:00.0106231" startTime="2021-04-15T15:07:24.8953372+03:00" endTime="2021-04-15T15:07:24.8954782+03:00" testType="13cdc9d9-ddb5-4fa4-a97d-d965ccfc6d4b" outcome="Passed" testListId="8c84fa94-04c1-424b-9868-57a2d4851a1d" relativeResultsDirectory="3220b126-1758-4c0f-9890-109e6df63dff" />
    <UnitTestResult executionId="1433ee1d-f3df-4831-932e-fb3f916f7961" testId="7855f6eb-0189-9e7d-2933-73261f330390" testName="AutomotivePlatform.ParkNow.Zones.Service.Tests.V2.MappingProfiles.LocationsProfileTest.Mapper_ShouldCorrectlyMapTariff(flowType: StartStopMovableStop, expectedBookingType: SimpleStart)" computerName="EPUAKHAW2229" duration="00:00:00.0121684" startTime="2021-04-15T15:07:25.1704525+03:00" endTime="2021-04-15T15:07:25.1704557+03:00" testType="13cdc9d9-ddb5-4fa4-a97d-d965ccfc6d4b" outcome="Passed" testListId="8c84fa94-04c1-424b-9868-57a2d4851a1d" relativeResultsDirectory="1433ee1d-f3df-4831-932e-fb3f916f7961" />
    <UnitTestResult executionId="8c4b6caf-87d8-4105-85e3-569a769d97be" testId="92c1394d-f6d7-2a99-94f6-40dc7ce3375b" testName="AutomotivePlatform.ParkNow.Zones.Service.Tests.V2.MappingProfiles.LocationsProfileTest.Mapper_ShouldCorrectlyMapTariffMessage(messages: [&quot;message&quot;], messageList: [&quot;info-line&quot;], expectedTariffMessages: [&quot;message&quot;, &quot;info-line&quot;])" computerName="EPUAKHAW2229" duration="00:00:00.0194482" startTime="2021-04-15T15:07:25.3437157+03:00" endTime="2021-04-15T15:07:25.3437186+03:00" testType="13cdc9d9-ddb5-4fa4-a97d-d965ccfc6d4b" outcome="Passed" testListId="8c84fa94-04c1-424b-9868-57a2d4851a1d" relativeResultsDirectory="8c4b6caf-87d8-4105-85e3-569a769d97be" />
    <UnitTestResult executionId="426021dd-3929-4ebd-9988-24f4b3c17988" testId="610a1c7c-fc05-0087-ef4b-e5d0829b4a64" testName="AutomotivePlatform.ParkNow.Zones.Service.Tests.V2.MappingProfiles.LocationsProfileTest.Mapper_ShouldReturnEmtyTariffs_IfParkingFlowTypeIsStartStop(flow: StartStop)" computerName="EPUAKHAW2229" duration="00:00:00.0157260" startTime="2021-04-15T15:07:25.2498750+03:00" endTime="2021-04-15T15:07:25.2498805+03:00" testType="13cdc9d9-ddb5-4fa4-a97d-d965ccfc6d4b" outcome="Passed" testListId="8c84fa94-04c1-424b-9868-57a2d4851a1d" relativeResultsDirectory="426021dd-3929-4ebd-9988-24f4b3c17988" />
    <UnitTestResult executionId="79ddac00-4e81-4836-8338-9377372576b0" testId="ad21ee18-dbdf-b3a6-1128-076b371b9f5d" testName="AutomotivePlatform.ParkNow.Zones.Service.Tests.V2.MappingProfiles.LocationsProfileTest.Mapper_ShouldCorrectlyMapGeoJson" computerName="EPUAKHAW2229" duration="00:00:00.0387387" startTime="2021-04-15T15:07:25.5158606+03:00" endTime="2021-04-15T15:07:25.5158630+03:00" testType="13cdc9d9-ddb5-4fa4-a97d-d965ccfc6d4b" outcome="Passed" testListId="8c84fa94-04c1-424b-9868-57a2d4851a1d" relativeResultsDirectory="79ddac00-4e81-4836-8338-9377372576b0" />
    <UnitTestResult executionId="a125f706-01b7-462f-98ce-c90e1b1ee778" testId="1b88a175-7f7a-43ba-db92-db3517c77187" testName="AutomotivePlatform.ParkNow.Zones.Service.Tests.V2.MappingProfiles.PaymentsProfileTest.Mapper_ShouldCorrectlyMapPaymentOptions_FromCard" computerName="EPUAKHAW2229" duration="00:00:00.2467236" startTime="2021-04-15T15:07:25.1207767+03:00" endTime="2021-04-15T15:07:25.1207798+03:00" testType="13cdc9d9-ddb5-4fa4-a97d-d965ccfc6d4b" outcome="Passed" testListId="8c84fa94-04c1-424b-9868-57a2d4851a1d" relativeResultsDirectory="a125f706-01b7-462f-98ce-c90e1b1ee778" />
    <UnitTestResult executionId="8a8b8702-607c-47e5-8437-53a49191eb7d" testId="7a60e4b4-1ba7-b8bb-0ed5-76b5d5c6ccf6" testName="AutomotivePlatform.ParkNow.Zones.Service.Tests.V2.MappingProfiles.LocationsProfileTest.Mapper_ShouldCorrectlyMapTariff(flowType: BuyTime, expectedBookingType: BuyTime)" computerName="EPUAKHAW2229" duration="00:00:00.0205701" startTime="2021-04-15T15:07:25.1582010+03:00" endTime="2021-04-15T15:07:25.1582038+03:00" testType="13cdc9d9-ddb5-4fa4-a97d-d965ccfc6d4b" outcome="Passed" testListId="8c84fa94-04c1-424b-9868-57a2d4851a1d" relativeResultsDirectory="8a8b8702-607c-47e5-8437-53a49191eb7d" />
    <UnitTestResult executionId="48c360c9-f126-458a-ba19-24d26c5d92c9" testId="5cb66c4f-0c34-b7f6-1723-8bf997de2f13" testName="AutomotivePlatform.ParkNow.Zones.Service.Tests.V2.MappingProfiles.ParkingFlowTypeToBookingTypesConverterTest.Convert_ShouldConvertParkingFlow_To_TariffWithCorrectParkingFlow(flowType: BuyTime, expected: BuyTime)" computerName="EPUAKHAW2229" duration="00:00:00.0000124" startTime="2021-04-15T15:07:24.9069898+03:00" endTime="2021-04-15T15:07:24.9069906+03:00" testType="13cdc9d9-ddb5-4fa4-a97d-d965ccfc6d4b" outcome="Passed" testListId="8c84fa94-04c1-424b-9868-57a2d4851a1d" relativeResultsDirectory="48c360c9-f126-458a-ba19-24d26c5d92c9" />
    <UnitTestResult executionId="49747994-0f47-4fbb-b486-ec818710bdb6" testId="45f9d261-6997-12e8-5a49-84b1d03dbe6e" testName="AutomotivePlatform.ParkNow.Zones.Service.Tests.V2.MappingProfiles.LocationsProfileTest.Mapper_ShouldMoveDefaultTariffToTheFirstPlace" computerName="EPUAKHAW2229" duration="00:00:00.0538189" startTime="2021-04-15T15:07:25.2340148+03:00" endTime="2021-04-15T15:07:25.2340177+03:00" testType="13cdc9d9-ddb5-4fa4-a97d-d965ccfc6d4b" outcome="Passed" testListId="8c84fa94-04c1-424b-9868-57a2d4851a1d" relativeResultsDirectory="49747994-0f47-4fbb-b486-ec818710bdb6" />
    <UnitTestResult executionId="80c1a431-1021-4b74-9db6-7ad2d1b7bf38" testId="3548cced-f699-fbd4-10e3-d4db197e3146" testName="AutomotivePlatform.ParkNow.Zones.Service.Tests.V2.Controllers.LocationControllerTest.GetAllLocationsAsync_ShouldRespondWithParkingZones" computerName="EPUAKHAW2229" duration="00:00:00.2434803" startTime="2021-04-15T15:07:25.1176477+03:00" endTime="2021-04-15T15:07:25.1176752+03:00" testType="13cdc9d9-ddb5-4fa4-a97d-d965ccfc6d4b" outcome="Passed" testListId="8c84fa94-04c1-424b-9868-57a2d4851a1d" relativeResultsDirectory="80c1a431-1021-4b74-9db6-7ad2d1b7bf38" />
  </Results>
  <TestDefinitions>
    <UnitTest name="AutomotivePlatform.ParkNow.Zones.Service.Tests.V2.MappingProfiles.LocationsProfileTest.Mapper_ShouldReturnNullBookableDurations_IfParkingFlowTypeIsStartStop(flow: StartStopMovableStop)" storage="d:\uafi\parknow\parknow\tests\unittests\parknow\automotiveplatform.parknow.zones.service.tests\bin\debug\netcoreapp3.1\automotiveplatform.parknow.zones.service.tests.dll" id="536e277e-2e8f-5563-eb7c-4f2567f1d283">
      <Execution id="89923754-1ef7-44aa-8e03-4040910f100b" />
      <TestMethod codeBase="D:\Uafi\ParkNow\parknow\Tests\UnitTests\ParkNow\AutomotivePlatform.ParkNow.Zones.Service.Tests\bin\Debug\netcoreapp3.1\AutomotivePlatform.ParkNow.Zones.Service.Tests.dll" adapterTypeName="executor://xunit/VsTestRunner2/netcoreapp" className="AutomotivePlatform.ParkNow.Zones.Service.Tests.V2.MappingProfiles.LocationsProfileTest" name="Mapper_ShouldReturnNullBookableDurations_IfParkingFlowTypeIsStartStop" />
    </UnitTest>
    <UnitTest name="AutomotivePlatform.ParkNow.Zones.Service.Tests.V2.MappingProfiles.ParkingFlowTypeToBookingTypesConverterTest.Convert_ShouldConvertParkingFlow_To_TariffWithCorrectParkingFlow(flowType: StartStopMovableStop, expected: SimpleStart)" storage="d:\uafi\parknow\parknow\tests\unittests\parknow\automotiveplatform.parknow.zones.service.tests\bin\debug\netcoreapp3.1\automotiveplatform.parknow.zones.service.tests.dll" id="89980d18-6799-4e41-55d6-913d0e658909">
      <Execution id="e84b103f-ec1b-4ba4-a192-3d49bb64eae7" />
      <TestMethod codeBase="D:\Uafi\ParkNow\parknow\Tests\UnitTests\ParkNow\AutomotivePlatform.ParkNow.Zones.Service.Tests\bin\Debug\netcoreapp3.1\AutomotivePlatform.ParkNow.Zones.Service.Tests.dll" adapterTypeName="executor://xunit/VsTestRunner2/netcoreapp" className="AutomotivePlatform.ParkNow.Zones.Service.Tests.V2.MappingProfiles.ParkingFlowTypeToBookingTypesConverterTest" name="Convert_ShouldConvertParkingFlow_To_TariffWithCorrectParkingFlow" />
    </UnitTest>
    <UnitTest name="AutomotivePlatform.ParkNow.Zones.Service.Tests.V2.MappingProfiles.LocationsProfileTest.Mapper_ShouldCorrectlyMapTariffDetails(flowType: StartStopMovableStop, expectedBookingType: SimpleStart)" storage="d:\uafi\parknow\parknow\tests\unittests\parknow\automotiveplatform.parknow.zones.service.tests\bin\debug\netcoreapp3.1\automotiveplatform.parknow.zones.service.tests.dll" id="4c98d5f4-e15c-00b2-ed61-67d0f834370c">
      <Execution id="2e5232af-4d71-4186-982c-8de6df9e7790" />
      <TestMethod codeBase="D:\Uafi\ParkNow\parknow\Tests\UnitTests\ParkNow\AutomotivePlatform.ParkNow.Zones.Service.Tests\bin\Debug\netcoreapp3.1\AutomotivePlatform.ParkNow.Zones.Service.Tests.dll" adapterTypeName="executor://xunit/VsTestRunner2/netcoreapp" className="AutomotivePlatform.ParkNow.Zones.Service.Tests.V2.MappingProfiles.LocationsProfileTest" name="Mapper_ShouldCorrectlyMapTariffDetails" />
    </UnitTest>
    <UnitTest name="AutomotivePlatform.ParkNow.Zones.Service.Tests.V2.MappingProfiles.ParkingFlowTypeToBookingTypesConverterTest.Convert_ShouldConvertParkingFlow_To_TariffWithCorrectParkingFlow(flowType: BuyTimeWithStop, expected: BuyTime)" storage="d:\uafi\parknow\parknow\tests\unittests\parknow\automotiveplatform.parknow.zones.service.tests\bin\debug\netcoreapp3.1\automotiveplatform.parknow.zones.service.tests.dll" id="a4378518-9ba6-6cc0-7766-68a78191c20f">
      <Execution id="3220b126-1758-4c0f-9890-109e6df63dff" />
      <TestMethod codeBase="D:\Uafi\ParkNow\parknow\Tests\UnitTests\ParkNow\AutomotivePlatform.ParkNow.Zones.Service.Tests\bin\Debug\netcoreapp3.1\AutomotivePlatform.ParkNow.Zones.Service.Tests.dll" adapterTypeName="executor://xunit/VsTestRunner2/netcoreapp" className="AutomotivePlatform.ParkNow.Zones.Service.Tests.V2.MappingProfiles.ParkingFlowTypeToBookingTypesConverterTest" name="Convert_ShouldConvertParkingFlow_To_TariffWithCorrectParkingFlow" />
    </UnitTest>
    <UnitTest name="AutomotivePlatform.ParkNow.Zones.Service.Tests.V2.MappingProfiles.LocationsProfileTest.Mapper_ShouldCorrectlyMapTariffDetails(flowType: StartStop, expectedBookingType: SimpleStart)" storage="d:\uafi\parknow\parknow\tests\unittests\parknow\automotiveplatform.parknow.zones.service.tests\bin\debug\netcoreapp3.1\automotiveplatform.parknow.zones.service.tests.dll" id="239e8e67-d07f-22a0-0336-5e6d1b73751e">
      <Execution id="4b8d80f3-3656-4e67-bf55-80772a048456" />
      <TestMethod codeBase="D:\Uafi\ParkNow\parknow\Tests\UnitTests\ParkNow\AutomotivePlatform.ParkNow.Zones.Service.Tests\bin\Debug\netcoreapp3.1\AutomotivePlatform.ParkNow.Zones.Service.Tests.dll" adapterTypeName="executor://xunit/VsTestRunner2/netcoreapp" className="AutomotivePlatform.ParkNow.Zones.Service.Tests.V2.MappingProfiles.LocationsProfileTest" name="Mapper_ShouldCorrectlyMapTariffDetails" />
    </UnitTest>
    <UnitTest name="AutomotivePlatform.ParkNow.Zones.Service.Tests.V2.MappingProfiles.ParkingFlowTypeToBookingTypesConverterTest.Convert_ShouldConvertParkingFlow_To_TariffWithCorrectParkingFlow(flowType: StartStop, expected: SimpleStart)" storage="d:\uafi\parknow\parknow\tests\unittests\parknow\automotiveplatform.parknow.zones.service.tests\bin\debug\netcoreapp3.1\automotiveplatform.parknow.zones.service.tests.dll" id="eb749695-5157-9ab9-4cb6-3cc1dfbb158a">
      <Execution id="29464332-0dd9-4d6e-9822-02b20061c8b7" />
      <TestMethod codeBase="D:\Uafi\ParkNow\parknow\Tests\UnitTests\ParkNow\AutomotivePlatform.ParkNow.Zones.Service.Tests\bin\Debug\netcoreapp3.1\AutomotivePlatform.ParkNow.Zones.Service.Tests.dll" adapterTypeName="executor://xunit/VsTestRunner2/netcoreapp" className="AutomotivePlatform.ParkNow.Zones.Service.Tests.V2.MappingProfiles.ParkingFlowTypeToBookingTypesConverterTest" name="Convert_ShouldConvertParkingFlow_To_TariffWithCorrectParkingFlow" />
    </UnitTest>
    <UnitTest name="AutomotivePlatform.ParkNow.Zones.Service.Tests.V2.Controllers.LocationControllerTest.GetLocationByIdAsync_ShouldRespondWithLocationDetails" storage="d:\uafi\parknow\parknow\tests\unittests\parknow\automotiveplatform.parknow.zones.service.tests\bin\debug\netcoreapp3.1\automotiveplatform.parknow.zones.service.tests.dll" id="a64a2970-9a9f-4688-f3db-07f083364b04">
      <Execution id="9a008eef-6780-4bc1-a06c-129f34698190" />
      <TestMethod codeBase="D:\Uafi\ParkNow\parknow\Tests\UnitTests\ParkNow\AutomotivePlatform.ParkNow.Zones.Service.Tests\bin\Debug\netcoreapp3.1\AutomotivePlatform.ParkNow.Zones.Service.Tests.dll" adapterTypeName="executor://xunit/VsTestRunner2/netcoreapp" className="AutomotivePlatform.ParkNow.Zones.Service.Tests.V2.Controllers.LocationControllerTest" name="GetLocationByIdAsync_ShouldRespondWithLocationDetails" />
    </UnitTest>
    <UnitTest name="AutomotivePlatform.ParkNow.Zones.Service.Tests.V2.MappingProfiles.LocationsProfileTest.Mapper_ShouldReturnNullTariffRows_IfParkingFlowTypeIsStartStop(flow: StartStop)" storage="d:\uafi\parknow\parknow\tests\unittests\parknow\automotiveplatform.parknow.zones.service.tests\bin\debug\netcoreapp3.1\automotiveplatform.parknow.zones.service.tests.dll" id="5c68871e-7cb2-2f16-8a07-a3455df9c5c8">
      <Execution id="f4bd6b42-6b39-45d2-9c3d-b6b134ea7e91" />
      <TestMethod codeBase="D:\Uafi\ParkNow\parknow\Tests\UnitTests\ParkNow\AutomotivePlatform.ParkNow.Zones.Service.Tests\bin\Debug\netcoreapp3.1\AutomotivePlatform.ParkNow.Zones.Service.Tests.dll" adapterTypeName="executor://xunit/VsTestRunner2/netcoreapp" className="AutomotivePlatform.ParkNow.Zones.Service.Tests.V2.MappingProfiles.LocationsProfileTest" name="Mapper_ShouldReturnNullTariffRows_IfParkingFlowTypeIsStartStop" />
    </UnitTest>
    <UnitTest name="AutomotivePlatform.ParkNow.Zones.Service.Tests.V2.MappingProfiles.LocationsProfileTest.Mapper_ShouldCorrectlyMapGeoJson" storage="d:\uafi\parknow\parknow\tests\unittests\parknow\automotiveplatform.parknow.zones.service.tests\bin\debug\netcoreapp3.1\automotiveplatform.parknow.zones.service.tests.dll" id="ad21ee18-dbdf-b3a6-1128-076b371b9f5d">
      <Execution id="79ddac00-4e81-4836-8338-9377372576b0" />
      <TestMethod codeBase="D:\Uafi\ParkNow\parknow\Tests\UnitTests\ParkNow\AutomotivePlatform.ParkNow.Zones.Service.Tests\bin\Debug\netcoreapp3.1\AutomotivePlatform.ParkNow.Zones.Service.Tests.dll" adapterTypeName="executor://xunit/VsTestRunner2/netcoreapp" className="AutomotivePlatform.ParkNow.Zones.Service.Tests.V2.MappingProfiles.LocationsProfileTest" name="Mapper_ShouldCorrectlyMapGeoJson" />
    </UnitTest>
    <UnitTest name="AutomotivePlatform.ParkNow.Zones.Service.Tests.V2.MappingProfiles.LocationsProfileTest.Mapper_ShouldCorrectlyMapTariffDetails(flowType: BuyTime, expectedBookingType: BuyTime)" storage="d:\uafi\parknow\parknow\tests\unittests\parknow\automotiveplatform.parknow.zones.service.tests\bin\debug\netcoreapp3.1\automotiveplatform.parknow.zones.service.tests.dll" id="045b7c94-d327-0802-0173-1882f2fc952c">
      <Execution id="e16088b8-fe4f-428a-92ea-0d8c6261332a" />
      <TestMethod codeBase="D:\Uafi\ParkNow\parknow\Tests\UnitTests\ParkNow\AutomotivePlatform.ParkNow.Zones.Service.Tests\bin\Debug\netcoreapp3.1\AutomotivePlatform.ParkNow.Zones.Service.Tests.dll" adapterTypeName="executor://xunit/VsTestRunner2/netcoreapp" className="AutomotivePlatform.ParkNow.Zones.Service.Tests.V2.MappingProfiles.LocationsProfileTest" name="Mapper_ShouldCorrectlyMapTariffDetails" />
    </UnitTest>
    <UnitTest name="AutomotivePlatform.ParkNow.Zones.Service.Tests.V2.MappingProfiles.PaymentsProfileTest.Mapper_ShouldCorrectlyMapPaymentOptions_FromCard" storage="d:\uafi\parknow\parknow\tests\unittests\parknow\automotiveplatform.parknow.zones.service.tests\bin\debug\netcoreapp3.1\automotiveplatform.parknow.zones.service.tests.dll" id="1b88a175-7f7a-43ba-db92-db3517c77187">
      <Execution id="a125f706-01b7-462f-98ce-c90e1b1ee778" />
      <TestMethod codeBase="D:\Uafi\ParkNow\parknow\Tests\UnitTests\ParkNow\AutomotivePlatform.ParkNow.Zones.Service.Tests\bin\Debug\netcoreapp3.1\AutomotivePlatform.ParkNow.Zones.Service.Tests.dll" adapterTypeName="executor://xunit/VsTestRunner2/netcoreapp" className="AutomotivePlatform.ParkNow.Zones.Service.Tests.V2.MappingProfiles.PaymentsProfileTest" name="Mapper_ShouldCorrectlyMapPaymentOptions_FromCard" />
    </UnitTest>
    <UnitTest name="AutomotivePlatform.ParkNow.Zones.Service.Tests.V2.MappingProfiles.LocationsProfileTest.Mapper_ShouldCorrectlyMapTariff(flowType: BuyTime, expectedBookingType: BuyTime)" storage="d:\uafi\parknow\parknow\tests\unittests\parknow\automotiveplatform.parknow.zones.service.tests\bin\debug\netcoreapp3.1\automotiveplatform.parknow.zones.service.tests.dll" id="7a60e4b4-1ba7-b8bb-0ed5-76b5d5c6ccf6">
      <Execution id="8a8b8702-607c-47e5-8437-53a49191eb7d" />
      <TestMethod codeBase="D:\Uafi\ParkNow\parknow\Tests\UnitTests\ParkNow\AutomotivePlatform.ParkNow.Zones.Service.Tests\bin\Debug\netcoreapp3.1\AutomotivePlatform.ParkNow.Zones.Service.Tests.dll" adapterTypeName="executor://xunit/VsTestRunner2/netcoreapp" className="AutomotivePlatform.ParkNow.Zones.Service.Tests.V2.MappingProfiles.LocationsProfileTest" name="Mapper_ShouldCorrectlyMapTariff" />
    </UnitTest>
    <UnitTest name="AutomotivePlatform.ParkNow.Zones.Service.Tests.V2.MappingProfiles.PaymentsProfileTest.Mapper_ShouldCorrectlyMapPaymentOptions" storage="d:\uafi\parknow\parknow\tests\unittests\parknow\automotiveplatform.parknow.zones.service.tests\bin\debug\netcoreapp3.1\automotiveplatform.parknow.zones.service.tests.dll" id="6718242e-f988-cfc1-3c61-72d1920849f1">
      <Execution id="1392c68d-f8f0-42ce-9c5a-2e2d440022c7" />
      <TestMethod codeBase="D:\Uafi\ParkNow\parknow\Tests\UnitTests\ParkNow\AutomotivePlatform.ParkNow.Zones.Service.Tests\bin\Debug\netcoreapp3.1\AutomotivePlatform.ParkNow.Zones.Service.Tests.dll" adapterTypeName="executor://xunit/VsTestRunner2/netcoreapp" className="AutomotivePlatform.ParkNow.Zones.Service.Tests.V2.MappingProfiles.PaymentsProfileTest" name="Mapper_ShouldCorrectlyMapPaymentOptions" />
    </UnitTest>
    <UnitTest name="AutomotivePlatform.ParkNow.Zones.Service.Tests.V2.MappingProfiles.LocationsProfileTest.Mapper_ShouldCorrectlyMapTariffMessage(messages: [&quot;message&quot;], messageList: [&quot;info-line&quot;], expectedTariffMessages: [&quot;message&quot;, &quot;info-line&quot;])" storage="d:\uafi\parknow\parknow\tests\unittests\parknow\automotiveplatform.parknow.zones.service.tests\bin\debug\netcoreapp3.1\automotiveplatform.parknow.zones.service.tests.dll" id="92c1394d-f6d7-2a99-94f6-40dc7ce3375b">
      <Execution id="8c4b6caf-87d8-4105-85e3-569a769d97be" />
      <TestMethod codeBase="D:\Uafi\ParkNow\parknow\Tests\UnitTests\ParkNow\AutomotivePlatform.ParkNow.Zones.Service.Tests\bin\Debug\netcoreapp3.1\AutomotivePlatform.ParkNow.Zones.Service.Tests.dll" adapterTypeName="executor://xunit/VsTestRunner2/netcoreapp" className="AutomotivePlatform.ParkNow.Zones.Service.Tests.V2.MappingProfiles.LocationsProfileTest" name="Mapper_ShouldCorrectlyMapTariffMessage" />
    </UnitTest>
    <UnitTest name="AutomotivePlatform.ParkNow.Zones.Service.Tests.V2.MappingProfiles.LocationsProfileTest.Mapper_ShouldReturnNullTariffRows_IfParkingFlowTypeIsStartStop(flow: StartStopMovableStop)" storage="d:\uafi\parknow\parknow\tests\unittests\parknow\automotiveplatform.parknow.zones.service.tests\bin\debug\netcoreapp3.1\automotiveplatform.parknow.zones.service.tests.dll" id="e19a4ad6-d380-67f0-6772-9c4bcee90eeb">
      <Execution id="f12fdd6a-3d6a-4c44-b86d-1f011f373d95" />
      <TestMethod codeBase="D:\Uafi\ParkNow\parknow\Tests\UnitTests\ParkNow\AutomotivePlatform.ParkNow.Zones.Service.Tests\bin\Debug\netcoreapp3.1\AutomotivePlatform.ParkNow.Zones.Service.Tests.dll" adapterTypeName="executor://xunit/VsTestRunner2/netcoreapp" className="AutomotivePlatform.ParkNow.Zones.Service.Tests.V2.MappingProfiles.LocationsProfileTest" name="Mapper_ShouldReturnNullTariffRows_IfParkingFlowTypeIsStartStop" />
    </UnitTest>
    <UnitTest name="AutomotivePlatform.ParkNow.Zones.Service.Tests.V2.MappingProfiles.LocationsProfileTest.Mapper_ShouldCorrectlyMapZoneModel" storage="d:\uafi\parknow\parknow\tests\unittests\parknow\automotiveplatform.parknow.zones.service.tests\bin\debug\netcoreapp3.1\automotiveplatform.parknow.zones.service.tests.dll" id="4bc06ad9-00ff-3970-0c17-5548d2acf28d">
      <Execution id="5ae1dc12-c1d7-4d2f-8469-8302480feb86" />
      <TestMethod codeBase="D:\Uafi\ParkNow\parknow\Tests\UnitTests\ParkNow\AutomotivePlatform.ParkNow.Zones.Service.Tests\bin\Debug\netcoreapp3.1\AutomotivePlatform.ParkNow.Zones.Service.Tests.dll" adapterTypeName="executor://xunit/VsTestRunner2/netcoreapp" className="AutomotivePlatform.ParkNow.Zones.Service.Tests.V2.MappingProfiles.LocationsProfileTest" name="Mapper_ShouldCorrectlyMapZoneModel" />
    </UnitTest>
    <UnitTest name="AutomotivePlatform.ParkNow.Zones.Service.Tests.V2.MappingProfiles.LocationsProfileTest.Mapper_ShouldCorrectlyMapTariff(flowType: BuyTimeWithStop, expectedBookingType: BuyTime)" storage="d:\uafi\parknow\parknow\tests\unittests\parknow\automotiveplatform.parknow.zones.service.tests\bin\debug\netcoreapp3.1\automotiveplatform.parknow.zones.service.tests.dll" id="bd5354b3-bf62-72e7-cdd2-ad17e34a37d6">
      <Execution id="a859828c-0b9c-4074-8b1c-349ba31ad5af" />
      <TestMethod codeBase="D:\Uafi\ParkNow\parknow\Tests\UnitTests\ParkNow\AutomotivePlatform.ParkNow.Zones.Service.Tests\bin\Debug\netcoreapp3.1\AutomotivePlatform.ParkNow.Zones.Service.Tests.dll" adapterTypeName="executor://xunit/VsTestRunner2/netcoreapp" className="AutomotivePlatform.ParkNow.Zones.Service.Tests.V2.MappingProfiles.LocationsProfileTest" name="Mapper_ShouldCorrectlyMapTariff" />
    </UnitTest>
    <UnitTest name="AutomotivePlatform.ParkNow.Zones.Service.Tests.V2.MappingProfiles.LocationsProfileTest.Mapper_ShouldReturnEmtyTariffs_IfParkingFlowTypeIsStartStop(flow: StartStopMovableStop)" storage="d:\uafi\parknow\parknow\tests\unittests\parknow\automotiveplatform.parknow.zones.service.tests\bin\debug\netcoreapp3.1\automotiveplatform.parknow.zones.service.tests.dll" id="cd0b17be-5811-b38a-a1fe-0b8658484f12">
      <Execution id="671474cf-f652-4bae-81b7-511bf06e2370" />
      <TestMethod codeBase="D:\Uafi\ParkNow\parknow\Tests\UnitTests\ParkNow\AutomotivePlatform.ParkNow.Zones.Service.Tests\bin\Debug\netcoreapp3.1\AutomotivePlatform.ParkNow.Zones.Service.Tests.dll" adapterTypeName="executor://xunit/VsTestRunner2/netcoreapp" className="AutomotivePlatform.ParkNow.Zones.Service.Tests.V2.MappingProfiles.LocationsProfileTest" name="Mapper_ShouldReturnEmtyTariffs_IfParkingFlowTypeIsStartStop" />
    </UnitTest>
    <UnitTest name="AutomotivePlatform.ParkNow.Zones.Service.Tests.V2.MappingProfiles.LocationsProfileTest.Mapper_ShouldCorrectlyMapTariffMessage(messages: [], messageList: [], expectedTariffMessages: [])" storage="d:\uafi\parknow\parknow\tests\unittests\parknow\automotiveplatform.parknow.zones.service.tests\bin\debug\netcoreapp3.1\automotiveplatform.parknow.zones.service.tests.dll" id="364d21c9-eafb-5ea7-8818-59fdde1d3f59">
      <Execution id="98d1f80b-66e3-46b3-8ef6-d444e6726cd8" />
      <TestMethod codeBase="D:\Uafi\ParkNow\parknow\Tests\UnitTests\ParkNow\AutomotivePlatform.ParkNow.Zones.Service.Tests\bin\Debug\netcoreapp3.1\AutomotivePlatform.ParkNow.Zones.Service.Tests.dll" adapterTypeName="executor://xunit/VsTestRunner2/netcoreapp" className="AutomotivePlatform.ParkNow.Zones.Service.Tests.V2.MappingProfiles.LocationsProfileTest" name="Mapper_ShouldCorrectlyMapTariffMessage" />
    </UnitTest>
    <UnitTest name="AutomotivePlatform.ParkNow.Zones.Service.Tests.V2.MappingProfiles.LocationsProfileTest.Mapper_ShouldDefineMappingForAllProperties" storage="d:\uafi\parknow\parknow\tests\unittests\parknow\automotiveplatform.parknow.zones.service.tests\bin\debug\netcoreapp3.1\automotiveplatform.parknow.zones.service.tests.dll" id="4bebd52e-8fd0-1b04-ca8d-c48504829f86">
      <Execution id="34da02ef-8c2b-42d3-849c-640a527f8b33" />
      <TestMethod codeBase="D:\Uafi\ParkNow\parknow\Tests\UnitTests\ParkNow\AutomotivePlatform.ParkNow.Zones.Service.Tests\bin\Debug\netcoreapp3.1\AutomotivePlatform.ParkNow.Zones.Service.Tests.dll" adapterTypeName="executor://xunit/VsTestRunner2/netcoreapp" className="AutomotivePlatform.ParkNow.Zones.Service.Tests.V2.MappingProfiles.LocationsProfileTest" name="Mapper_ShouldDefineMappingForAllProperties" />
    </UnitTest>
    <UnitTest name="AutomotivePlatform.ParkNow.Zones.Service.Tests.V2.MappingProfiles.PaymentsProfileTest.Mapper_ShouldCorrectlyMapPaymentOptions_FromDirectDebit" storage="d:\uafi\parknow\parknow\tests\unittests\parknow\automotiveplatform.parknow.zones.service.tests\bin\debug\netcoreapp3.1\automotiveplatform.parknow.zones.service.tests.dll" id="62b6ed21-68dc-0158-1d4e-f896721ca84e">
      <Execution id="015109f3-0908-420e-b1ae-10c8e5b6cf52" />
      <TestMethod codeBase="D:\Uafi\ParkNow\parknow\Tests\UnitTests\ParkNow\AutomotivePlatform.ParkNow.Zones.Service.Tests\bin\Debug\netcoreapp3.1\AutomotivePlatform.ParkNow.Zones.Service.Tests.dll" adapterTypeName="executor://xunit/VsTestRunner2/netcoreapp" className="AutomotivePlatform.ParkNow.Zones.Service.Tests.V2.MappingProfiles.PaymentsProfileTest" name="Mapper_ShouldCorrectlyMapPaymentOptions_FromDirectDebit" />
    </UnitTest>
    <UnitTest name="AutomotivePlatform.ParkNow.Zones.Service.Tests.V2.MappingProfiles.LocationsProfileTest.Mapper_ShouldCorrectlyMapTariff(flowType: StartStopMovableStop, expectedBookingType: SimpleStart)" storage="d:\uafi\parknow\parknow\tests\unittests\parknow\automotiveplatform.parknow.zones.service.tests\bin\debug\netcoreapp3.1\automotiveplatform.parknow.zones.service.tests.dll" id="7855f6eb-0189-9e7d-2933-73261f330390">
      <Execution id="1433ee1d-f3df-4831-932e-fb3f916f7961" />
      <TestMethod codeBase="D:\Uafi\ParkNow\parknow\Tests\UnitTests\ParkNow\AutomotivePlatform.ParkNow.Zones.Service.Tests\bin\Debug\netcoreapp3.1\AutomotivePlatform.ParkNow.Zones.Service.Tests.dll" adapterTypeName="executor://xunit/VsTestRunner2/netcoreapp" className="AutomotivePlatform.ParkNow.Zones.Service.Tests.V2.MappingProfiles.LocationsProfileTest" name="Mapper_ShouldCorrectlyMapTariff" />
    </UnitTest>
    <UnitTest name="AutomotivePlatform.ParkNow.Zones.Service.Tests.V2.MappingProfiles.LocationsProfileTest.Mapper_ShouldCorrectlyMapTariffMessage(messages: [&quot;message&quot;], messageList: [], expectedTariffMessages: [&quot;message&quot;])" storage="d:\uafi\parknow\parknow\tests\unittests\parknow\automotiveplatform.parknow.zones.service.tests\bin\debug\netcoreapp3.1\automotiveplatform.parknow.zones.service.tests.dll" id="338828ad-acdc-941e-230b-4fec2304904d">
      <Execution id="ce1786de-a77c-4afb-8ea5-5e5ebb4168b2" />
      <TestMethod codeBase="D:\Uafi\ParkNow\parknow\Tests\UnitTests\ParkNow\AutomotivePlatform.ParkNow.Zones.Service.Tests\bin\Debug\netcoreapp3.1\AutomotivePlatform.ParkNow.Zones.Service.Tests.dll" adapterTypeName="executor://xunit/VsTestRunner2/netcoreapp" className="AutomotivePlatform.ParkNow.Zones.Service.Tests.V2.MappingProfiles.LocationsProfileTest" name="Mapper_ShouldCorrectlyMapTariffMessage" />
    </UnitTest>
    <UnitTest name="AutomotivePlatform.ParkNow.Zones.Service.Tests.V2.MappingProfiles.LocationsProfileTest.Mapper_ShouldReturnDefaultValueForTariffTypeAndTitle" storage="d:\uafi\parknow\parknow\tests\unittests\parknow\automotiveplatform.parknow.zones.service.tests\bin\debug\netcoreapp3.1\automotiveplatform.parknow.zones.service.tests.dll" id="a3951072-df6d-fe01-ee8b-e7278213f0aa">
      <Execution id="aa54dbfd-c397-433e-9d64-194eedd07987" />
      <TestMethod codeBase="D:\Uafi\ParkNow\parknow\Tests\UnitTests\ParkNow\AutomotivePlatform.ParkNow.Zones.Service.Tests\bin\Debug\netcoreapp3.1\AutomotivePlatform.ParkNow.Zones.Service.Tests.dll" adapterTypeName="executor://xunit/VsTestRunner2/netcoreapp" className="AutomotivePlatform.ParkNow.Zones.Service.Tests.V2.MappingProfiles.LocationsProfileTest" name="Mapper_ShouldReturnDefaultValueForTariffTypeAndTitle" />
    </UnitTest>
    <UnitTest name="AutomotivePlatform.ParkNow.Zones.Service.Tests.V2.MappingProfiles.PaymentsProfileTest.Mapper_ShouldCorrectlyMapPaymentOptions_FromPayPal" storage="d:\uafi\parknow\parknow\tests\unittests\parknow\automotiveplatform.parknow.zones.service.tests\bin\debug\netcoreapp3.1\automotiveplatform.parknow.zones.service.tests.dll" id="ef3f4d1d-bf30-31e1-ef80-31821e93da85">
      <Execution id="d682c4c0-c50c-4887-a60c-7d3ff72a36fe" />
      <TestMethod codeBase="D:\Uafi\ParkNow\parknow\Tests\UnitTests\ParkNow\AutomotivePlatform.ParkNow.Zones.Service.Tests\bin\Debug\netcoreapp3.1\AutomotivePlatform.ParkNow.Zones.Service.Tests.dll" adapterTypeName="executor://xunit/VsTestRunner2/netcoreapp" className="AutomotivePlatform.ParkNow.Zones.Service.Tests.V2.MappingProfiles.PaymentsProfileTest" name="Mapper_ShouldCorrectlyMapPaymentOptions_FromPayPal" />
    </UnitTest>
    <UnitTest name="AutomotivePlatform.ParkNow.Zones.Service.Tests.V2.MappingProfiles.ParkingFlowTypeToBookingTypesConverterTest.Convert_ShouldConvertParkingFlow_To_TariffWithCorrectParkingFlow(flowType: BuyTime, expected: BuyTime)" storage="d:\uafi\parknow\parknow\tests\unittests\parknow\automotiveplatform.parknow.zones.service.tests\bin\debug\netcoreapp3.1\automotiveplatform.parknow.zones.service.tests.dll" id="5cb66c4f-0c34-b7f6-1723-8bf997de2f13">
      <Execution id="48c360c9-f126-458a-ba19-24d26c5d92c9" />
      <TestMethod codeBase="D:\Uafi\ParkNow\parknow\Tests\UnitTests\ParkNow\AutomotivePlatform.ParkNow.Zones.Service.Tests\bin\Debug\netcoreapp3.1\AutomotivePlatform.ParkNow.Zones.Service.Tests.dll" adapterTypeName="executor://xunit/VsTestRunner2/netcoreapp" className="AutomotivePlatform.ParkNow.Zones.Service.Tests.V2.MappingProfiles.ParkingFlowTypeToBookingTypesConverterTest" name="Convert_ShouldConvertParkingFlow_To_TariffWithCorrectParkingFlow" />
    </UnitTest>
    <UnitTest name="AutomotivePlatform.ParkNow.Zones.Service.Tests.V2.Controllers.LocationControllerTest.GetAllLocationsAsync_ShouldRespondWithParkingZones" storage="d:\uafi\parknow\parknow\tests\unittests\parknow\automotiveplatform.parknow.zones.service.tests\bin\debug\netcoreapp3.1\automotiveplatform.parknow.zones.service.tests.dll" id="3548cced-f699-fbd4-10e3-d4db197e3146">
      <Execution id="80c1a431-1021-4b74-9db6-7ad2d1b7bf38" />
      <TestMethod codeBase="D:\Uafi\ParkNow\parknow\Tests\UnitTests\ParkNow\AutomotivePlatform.ParkNow.Zones.Service.Tests\bin\Debug\netcoreapp3.1\AutomotivePlatform.ParkNow.Zones.Service.Tests.dll" adapterTypeName="executor://xunit/VsTestRunner2/netcoreapp" className="AutomotivePlatform.ParkNow.Zones.Service.Tests.V2.Controllers.LocationControllerTest" name="GetAllLocationsAsync_ShouldRespondWithParkingZones" />
    </UnitTest>
    <UnitTest name="AutomotivePlatform.ParkNow.Zones.Service.Tests.V2.MappingProfiles.LocationsProfileTest.Mapper_ShouldCorrectlyMapTariffDetails(flowType: BuyTimeWithStop, expectedBookingType: BuyTime)" storage="d:\uafi\parknow\parknow\tests\unittests\parknow\automotiveplatform.parknow.zones.service.tests\bin\debug\netcoreapp3.1\automotiveplatform.parknow.zones.service.tests.dll" id="9d738443-cc28-6939-e3db-02ea1c6ffa65">
      <Execution id="7b4aa36b-1540-45b9-9b74-5468e4a904fa" />
      <TestMethod codeBase="D:\Uafi\ParkNow\parknow\Tests\UnitTests\ParkNow\AutomotivePlatform.ParkNow.Zones.Service.Tests\bin\Debug\netcoreapp3.1\AutomotivePlatform.ParkNow.Zones.Service.Tests.dll" adapterTypeName="executor://xunit/VsTestRunner2/netcoreapp" className="AutomotivePlatform.ParkNow.Zones.Service.Tests.V2.MappingProfiles.LocationsProfileTest" name="Mapper_ShouldCorrectlyMapTariffDetails" />
    </UnitTest>
    <UnitTest name="AutomotivePlatform.ParkNow.Zones.Service.Tests.V2.MappingProfiles.LocationsProfileTest.Mapper_ShouldCorrectlyMapTariff(flowType: StartStop, expectedBookingType: SimpleStart)" storage="d:\uafi\parknow\parknow\tests\unittests\parknow\automotiveplatform.parknow.zones.service.tests\bin\debug\netcoreapp3.1\automotiveplatform.parknow.zones.service.tests.dll" id="3fa28793-b9a5-b469-ea15-0a9046239996">
      <Execution id="3dae25bf-54b0-4ca8-8d63-1dac371fa43e" />
      <TestMethod codeBase="D:\Uafi\ParkNow\parknow\Tests\UnitTests\ParkNow\AutomotivePlatform.ParkNow.Zones.Service.Tests\bin\Debug\netcoreapp3.1\AutomotivePlatform.ParkNow.Zones.Service.Tests.dll" adapterTypeName="executor://xunit/VsTestRunner2/netcoreapp" className="AutomotivePlatform.ParkNow.Zones.Service.Tests.V2.MappingProfiles.LocationsProfileTest" name="Mapper_ShouldCorrectlyMapTariff" />
    </UnitTest>
    <UnitTest name="AutomotivePlatform.ParkNow.Zones.Service.Tests.V2.MappingProfiles.PaymentsProfileTest.Mapper_ShouldDefineMappingForAllProperties" storage="d:\uafi\parknow\parknow\tests\unittests\parknow\automotiveplatform.parknow.zones.service.tests\bin\debug\netcoreapp3.1\automotiveplatform.parknow.zones.service.tests.dll" id="ac37eb70-07e5-3a7d-5895-a774d7755981">
      <Execution id="9c03fe84-4d8f-4ea8-bb39-26a21e81caa9" />
      <TestMethod codeBase="D:\Uafi\ParkNow\parknow\Tests\UnitTests\ParkNow\AutomotivePlatform.ParkNow.Zones.Service.Tests\bin\Debug\netcoreapp3.1\AutomotivePlatform.ParkNow.Zones.Service.Tests.dll" adapterTypeName="executor://xunit/VsTestRunner2/netcoreapp" className="AutomotivePlatform.ParkNow.Zones.Service.Tests.V2.MappingProfiles.PaymentsProfileTest" name="Mapper_ShouldDefineMappingForAllProperties" />
    </UnitTest>
    <UnitTest name="AutomotivePlatform.ParkNow.Zones.Service.Tests.V2.MappingProfiles.LocationsProfileTest.Mapper_ShouldCorrectlyMapZoneDetailsResponse" storage="d:\uafi\parknow\parknow\tests\unittests\parknow\automotiveplatform.parknow.zones.service.tests\bin\debug\netcoreapp3.1\automotiveplatform.parknow.zones.service.tests.dll" id="6e2f174f-783b-dcf6-dacb-a1cd0a754e8a">
      <Execution id="9634e738-52e9-4a3d-be64-89d1057bbdd7" />
      <TestMethod codeBase="D:\Uafi\ParkNow\parknow\Tests\UnitTests\ParkNow\AutomotivePlatform.ParkNow.Zones.Service.Tests\bin\Debug\netcoreapp3.1\AutomotivePlatform.ParkNow.Zones.Service.Tests.dll" adapterTypeName="executor://xunit/VsTestRunner2/netcoreapp" className="AutomotivePlatform.ParkNow.Zones.Service.Tests.V2.MappingProfiles.LocationsProfileTest" name="Mapper_ShouldCorrectlyMapZoneDetailsResponse" />
    </UnitTest>
    <UnitTest name="AutomotivePlatform.ParkNow.Zones.Service.Tests.V2.MappingProfiles.LocationsProfileTest.Mapper_ShouldCorrectlyMapAnalyticsRequest" storage="d:\uafi\parknow\parknow\tests\unittests\parknow\automotiveplatform.parknow.zones.service.tests\bin\debug\netcoreapp3.1\automotiveplatform.parknow.zones.service.tests.dll" id="fe7b56ea-fc0f-6047-a02b-1d3a692f2688">
      <Execution id="fdd2e907-07a2-4a73-83b8-1c97ca6dd483" />
      <TestMethod codeBase="D:\Uafi\ParkNow\parknow\Tests\UnitTests\ParkNow\AutomotivePlatform.ParkNow.Zones.Service.Tests\bin\Debug\netcoreapp3.1\AutomotivePlatform.ParkNow.Zones.Service.Tests.dll" adapterTypeName="executor://xunit/VsTestRunner2/netcoreapp" className="AutomotivePlatform.ParkNow.Zones.Service.Tests.V2.MappingProfiles.LocationsProfileTest" name="Mapper_ShouldCorrectlyMapAnalyticsRequest" />
    </UnitTest>
    <UnitTest name="AutomotivePlatform.ParkNow.Zones.Service.Tests.V2.MappingProfiles.LocationsProfileTest.Mapper_ShouldReturnNullBookableDurations_IfParkingFlowTypeIsStartStop(flow: StartStop)" storage="d:\uafi\parknow\parknow\tests\unittests\parknow\automotiveplatform.parknow.zones.service.tests\bin\debug\netcoreapp3.1\automotiveplatform.parknow.zones.service.tests.dll" id="1c31bdc2-e608-6de9-5403-6867d4733401">
      <Execution id="89998934-2fc1-410d-8cc5-83210e7a876c" />
      <TestMethod codeBase="D:\Uafi\ParkNow\parknow\Tests\UnitTests\ParkNow\AutomotivePlatform.ParkNow.Zones.Service.Tests\bin\Debug\netcoreapp3.1\AutomotivePlatform.ParkNow.Zones.Service.Tests.dll" adapterTypeName="executor://xunit/VsTestRunner2/netcoreapp" className="AutomotivePlatform.ParkNow.Zones.Service.Tests.V2.MappingProfiles.LocationsProfileTest" name="Mapper_ShouldReturnNullBookableDurations_IfParkingFlowTypeIsStartStop" />
    </UnitTest>
    <UnitTest name="AutomotivePlatform.ParkNow.Zones.Service.Tests.V2.MappingProfiles.LocationsProfileTest.Mapper_ShouldCorrectlyMapTariffMessage(messages: [], messageList: [&quot;info-line&quot;], expectedTariffMessages: [&quot;info-line&quot;])" storage="d:\uafi\parknow\parknow\tests\unittests\parknow\automotiveplatform.parknow.zones.service.tests\bin\debug\netcoreapp3.1\automotiveplatform.parknow.zones.service.tests.dll" id="6395c4e9-5994-b7af-6254-e0249c28b6bd">
      <Execution id="1d6b41b5-46bb-4c60-8047-25c61a51b095" />
      <TestMethod codeBase="D:\Uafi\ParkNow\parknow\Tests\UnitTests\ParkNow\AutomotivePlatform.ParkNow.Zones.Service.Tests\bin\Debug\netcoreapp3.1\AutomotivePlatform.ParkNow.Zones.Service.Tests.dll" adapterTypeName="executor://xunit/VsTestRunner2/netcoreapp" className="AutomotivePlatform.ParkNow.Zones.Service.Tests.V2.MappingProfiles.LocationsProfileTest" name="Mapper_ShouldCorrectlyMapTariffMessage" />
    </UnitTest>
    <UnitTest name="AutomotivePlatform.ParkNow.Zones.Service.Tests.V2.MappingProfiles.LocationsProfileTest.Mapper_ShouldMoveDefaultTariffToTheFirstPlace" storage="d:\uafi\parknow\parknow\tests\unittests\parknow\automotiveplatform.parknow.zones.service.tests\bin\debug\netcoreapp3.1\automotiveplatform.parknow.zones.service.tests.dll" id="45f9d261-6997-12e8-5a49-84b1d03dbe6e">
      <Execution id="49747994-0f47-4fbb-b486-ec818710bdb6" />
      <TestMethod codeBase="D:\Uafi\ParkNow\parknow\Tests\UnitTests\ParkNow\AutomotivePlatform.ParkNow.Zones.Service.Tests\bin\Debug\netcoreapp3.1\AutomotivePlatform.ParkNow.Zones.Service.Tests.dll" adapterTypeName="executor://xunit/VsTestRunner2/netcoreapp" className="AutomotivePlatform.ParkNow.Zones.Service.Tests.V2.MappingProfiles.LocationsProfileTest" name="Mapper_ShouldMoveDefaultTariffToTheFirstPlace" />
    </UnitTest>
    <UnitTest name="AutomotivePlatform.ParkNow.Zones.Service.Tests.V2.MappingProfiles.LocationsProfileTest.Mapper_ShouldReturnEmtyTariffs_IfParkingFlowTypeIsStartStop(flow: StartStop)" storage="d:\uafi\parknow\parknow\tests\unittests\parknow\automotiveplatform.parknow.zones.service.tests\bin\debug\netcoreapp3.1\automotiveplatform.parknow.zones.service.tests.dll" id="610a1c7c-fc05-0087-ef4b-e5d0829b4a64">
      <Execution id="426021dd-3929-4ebd-9988-24f4b3c17988" />
      <TestMethod codeBase="D:\Uafi\ParkNow\parknow\Tests\UnitTests\ParkNow\AutomotivePlatform.ParkNow.Zones.Service.Tests\bin\Debug\netcoreapp3.1\AutomotivePlatform.ParkNow.Zones.Service.Tests.dll" adapterTypeName="executor://xunit/VsTestRunner2/netcoreapp" className="AutomotivePlatform.ParkNow.Zones.Service.Tests.V2.MappingProfiles.LocationsProfileTest" name="Mapper_ShouldReturnEmtyTariffs_IfParkingFlowTypeIsStartStop" />
    </UnitTest>
  </TestDefinitions>
  <TestEntries>
    <TestEntry testId="a3951072-df6d-fe01-ee8b-e7278213f0aa" executionId="aa54dbfd-c397-433e-9d64-194eedd07987" testListId="8c84fa94-04c1-424b-9868-57a2d4851a1d" />
    <TestEntry testId="e19a4ad6-d380-67f0-6772-9c4bcee90eeb" executionId="f12fdd6a-3d6a-4c44-b86d-1f011f373d95" testListId="8c84fa94-04c1-424b-9868-57a2d4851a1d" />
    <TestEntry testId="3fa28793-b9a5-b469-ea15-0a9046239996" executionId="3dae25bf-54b0-4ca8-8d63-1dac371fa43e" testListId="8c84fa94-04c1-424b-9868-57a2d4851a1d" />
    <TestEntry testId="9d738443-cc28-6939-e3db-02ea1c6ffa65" executionId="7b4aa36b-1540-45b9-9b74-5468e4a904fa" testListId="8c84fa94-04c1-424b-9868-57a2d4851a1d" />
    <TestEntry testId="536e277e-2e8f-5563-eb7c-4f2567f1d283" executionId="89923754-1ef7-44aa-8e03-4040910f100b" testListId="8c84fa94-04c1-424b-9868-57a2d4851a1d" />
    <TestEntry testId="89980d18-6799-4e41-55d6-913d0e658909" executionId="e84b103f-ec1b-4ba4-a192-3d49bb64eae7" testListId="8c84fa94-04c1-424b-9868-57a2d4851a1d" />
    <TestEntry testId="ac37eb70-07e5-3a7d-5895-a774d7755981" executionId="9c03fe84-4d8f-4ea8-bb39-26a21e81caa9" testListId="8c84fa94-04c1-424b-9868-57a2d4851a1d" />
    <TestEntry testId="62b6ed21-68dc-0158-1d4e-f896721ca84e" executionId="015109f3-0908-420e-b1ae-10c8e5b6cf52" testListId="8c84fa94-04c1-424b-9868-57a2d4851a1d" />
    <TestEntry testId="cd0b17be-5811-b38a-a1fe-0b8658484f12" executionId="671474cf-f652-4bae-81b7-511bf06e2370" testListId="8c84fa94-04c1-424b-9868-57a2d4851a1d" />
    <TestEntry testId="045b7c94-d327-0802-0173-1882f2fc952c" executionId="e16088b8-fe4f-428a-92ea-0d8c6261332a" testListId="8c84fa94-04c1-424b-9868-57a2d4851a1d" />
    <TestEntry testId="a64a2970-9a9f-4688-f3db-07f083364b04" executionId="9a008eef-6780-4bc1-a06c-129f34698190" testListId="8c84fa94-04c1-424b-9868-57a2d4851a1d" />
    <TestEntry testId="239e8e67-d07f-22a0-0336-5e6d1b73751e" executionId="4b8d80f3-3656-4e67-bf55-80772a048456" testListId="8c84fa94-04c1-424b-9868-57a2d4851a1d" />
    <TestEntry testId="6395c4e9-5994-b7af-6254-e0249c28b6bd" executionId="1d6b41b5-46bb-4c60-8047-25c61a51b095" testListId="8c84fa94-04c1-424b-9868-57a2d4851a1d" />
    <TestEntry testId="eb749695-5157-9ab9-4cb6-3cc1dfbb158a" executionId="29464332-0dd9-4d6e-9822-02b20061c8b7" testListId="8c84fa94-04c1-424b-9868-57a2d4851a1d" />
    <TestEntry testId="ef3f4d1d-bf30-31e1-ef80-31821e93da85" executionId="d682c4c0-c50c-4887-a60c-7d3ff72a36fe" testListId="8c84fa94-04c1-424b-9868-57a2d4851a1d" />
    <TestEntry testId="1c31bdc2-e608-6de9-5403-6867d4733401" executionId="89998934-2fc1-410d-8cc5-83210e7a876c" testListId="8c84fa94-04c1-424b-9868-57a2d4851a1d" />
    <TestEntry testId="fe7b56ea-fc0f-6047-a02b-1d3a692f2688" executionId="fdd2e907-07a2-4a73-83b8-1c97ca6dd483" testListId="8c84fa94-04c1-424b-9868-57a2d4851a1d" />
    <TestEntry testId="364d21c9-eafb-5ea7-8818-59fdde1d3f59" executionId="98d1f80b-66e3-46b3-8ef6-d444e6726cd8" testListId="8c84fa94-04c1-424b-9868-57a2d4851a1d" />
    <TestEntry testId="338828ad-acdc-941e-230b-4fec2304904d" executionId="ce1786de-a77c-4afb-8ea5-5e5ebb4168b2" testListId="8c84fa94-04c1-424b-9868-57a2d4851a1d" />
    <TestEntry testId="6e2f174f-783b-dcf6-dacb-a1cd0a754e8a" executionId="9634e738-52e9-4a3d-be64-89d1057bbdd7" testListId="8c84fa94-04c1-424b-9868-57a2d4851a1d" />
    <TestEntry testId="5c68871e-7cb2-2f16-8a07-a3455df9c5c8" executionId="f4bd6b42-6b39-45d2-9c3d-b6b134ea7e91" testListId="8c84fa94-04c1-424b-9868-57a2d4851a1d" />
    <TestEntry testId="4c98d5f4-e15c-00b2-ed61-67d0f834370c" executionId="2e5232af-4d71-4186-982c-8de6df9e7790" testListId="8c84fa94-04c1-424b-9868-57a2d4851a1d" />
    <TestEntry testId="4bebd52e-8fd0-1b04-ca8d-c48504829f86" executionId="34da02ef-8c2b-42d3-849c-640a527f8b33" testListId="8c84fa94-04c1-424b-9868-57a2d4851a1d" />
    <TestEntry testId="4bc06ad9-00ff-3970-0c17-5548d2acf28d" executionId="5ae1dc12-c1d7-4d2f-8469-8302480feb86" testListId="8c84fa94-04c1-424b-9868-57a2d4851a1d" />
    <TestEntry testId="6718242e-f988-cfc1-3c61-72d1920849f1" executionId="1392c68d-f8f0-42ce-9c5a-2e2d440022c7" testListId="8c84fa94-04c1-424b-9868-57a2d4851a1d" />
    <TestEntry testId="bd5354b3-bf62-72e7-cdd2-ad17e34a37d6" executionId="a859828c-0b9c-4074-8b1c-349ba31ad5af" testListId="8c84fa94-04c1-424b-9868-57a2d4851a1d" />
    <TestEntry testId="a4378518-9ba6-6cc0-7766-68a78191c20f" executionId="3220b126-1758-4c0f-9890-109e6df63dff" testListId="8c84fa94-04c1-424b-9868-57a2d4851a1d" />
    <TestEntry testId="7855f6eb-0189-9e7d-2933-73261f330390" executionId="1433ee1d-f3df-4831-932e-fb3f916f7961" testListId="8c84fa94-04c1-424b-9868-57a2d4851a1d" />
    <TestEntry testId="92c1394d-f6d7-2a99-94f6-40dc7ce3375b" executionId="8c4b6caf-87d8-4105-85e3-569a769d97be" testListId="8c84fa94-04c1-424b-9868-57a2d4851a1d" />
    <TestEntry testId="610a1c7c-fc05-0087-ef4b-e5d0829b4a64" executionId="426021dd-3929-4ebd-9988-24f4b3c17988" testListId="8c84fa94-04c1-424b-9868-57a2d4851a1d" />
    <TestEntry testId="ad21ee18-dbdf-b3a6-1128-076b371b9f5d" executionId="79ddac00-4e81-4836-8338-9377372576b0" testListId="8c84fa94-04c1-424b-9868-57a2d4851a1d" />
    <TestEntry testId="1b88a175-7f7a-43ba-db92-db3517c77187" executionId="a125f706-01b7-462f-98ce-c90e1b1ee778" testListId="8c84fa94-04c1-424b-9868-57a2d4851a1d" />
    <TestEntry testId="7a60e4b4-1ba7-b8bb-0ed5-76b5d5c6ccf6" executionId="8a8b8702-607c-47e5-8437-53a49191eb7d" testListId="8c84fa94-04c1-424b-9868-57a2d4851a1d" />
    <TestEntry testId="5cb66c4f-0c34-b7f6-1723-8bf997de2f13" executionId="48c360c9-f126-458a-ba19-24d26c5d92c9" testListId="8c84fa94-04c1-424b-9868-57a2d4851a1d" />
    <TestEntry testId="45f9d261-6997-12e8-5a49-84b1d03dbe6e" executionId="49747994-0f47-4fbb-b486-ec818710bdb6" testListId="8c84fa94-04c1-424b-9868-57a2d4851a1d" />
    <TestEntry testId="3548cced-f699-fbd4-10e3-d4db197e3146" executionId="80c1a431-1021-4b74-9db6-7ad2d1b7bf38" testListId="8c84fa94-04c1-424b-9868-57a2d4851a1d" />
  </TestEntries>
  <TestLists>
    <TestList name="Results Not in a List" id="8c84fa94-04c1-424b-9868-57a2d4851a1d" />
    <TestList name="All Loaded Results" id="19431567-8539-422a-85d7-44ee4e166bda" />
  </TestLists>
  <ResultSummary outcome="Completed">
    <Counters total="36" executed="36" passed="36" failed="0" error="0" timeout="0" aborted="0" inconclusive="0" passedButRunAborted="0" notRunnable="0" notExecuted="0" disconnected="0" warning="0" completed="0" inProgress="0" pending="0" />
    <Output>
      <StdOut>[xUnit.net 00:00:00.00] xUnit.net VSTest Adapter v2.4.3+1b45f5407b (64-bit .NET Core 3.1.13)&#xD;
[xUnit.net 00:00:02.00]   Discovering: AutomotivePlatform.ParkNow.Zones.Service.Tests&#xD;
[xUnit.net 00:00:02.10]   Discovered:  AutomotivePlatform.ParkNow.Zones.Service.Tests&#xD;
[xUnit.net 00:00:02.10]   Starting:    AutomotivePlatform.ParkNow.Zones.Service.Tests&#xD;
[xUnit.net 00:00:02.90]   Finished:    AutomotivePlatform.ParkNow.Zones.Service.Tests&#xD;
</StdOut>
    </Output>
  </ResultSummary>
</TestRun>